<?xml version="1.0" encoding="UTF-8"?>
<testng-results ignored="0" total="2" passed="2" failed="0" skipped="0">
  <reporter-output>
  </reporter-output>
  <suite started-at="2024-07-07T15:40:31 IST" name="Default suite" finished-at="2024-07-07T15:41:49 IST" duration-ms="78417">
    <groups>
    </groups>
    <test started-at="2024-07-07T15:40:31 IST" name="Default test" finished-at="2024-07-07T15:41:49 IST" duration-ms="78417">
      <class name="chicMic.LoginPage.LoginPage">
        <test-method is-config="true" signature="browserOpen()[pri:0, instance:chicMic.LoginPage.LoginPage@6e9175d8]" started-at="2024-07-07T15:40:31 IST" name="browserOpen" finished-at="2024-07-07T15:40:33 IST" duration-ms="1487" status="PASS">
          <reporter-output>
          </reporter-output>
        </test-method> <!-- browserOpen -->
        <test-method signature="chicMicURL()[pri:0, instance:chicMic.LoginPage.LoginPage@6e9175d8]" started-at="2024-07-07T15:40:33 IST" name="chicMicURL" finished-at="2024-07-07T15:40:47 IST" duration-ms="13922" status="PASS">
          <reporter-output>
          </reporter-output>
        </test-method> <!-- chicMicURL -->
        <test-method signature="uniqueAddCandidate()[pri:0, instance:chicMic.LoginPage.LoginPage@6e9175d8]" started-at="2024-07-07T15:40:47 IST" name="uniqueAddCandidate" finished-at="2024-07-07T15:41:49 IST" depends-on-methods="chicMic.LoginPage.LoginPage.chicMicURL" duration-ms="62740" status="PASS">
          <reporter-output>
          </reporter-output>
        </test-method> <!-- uniqueAddCandidate -->
        <test-method is-config="true" signature="tearDown()[pri:0, instance:chicMic.LoginPage.LoginPage@6e9175d8]" started-at="2024-07-07T15:41:49 IST" name="tearDown" finished-at="2024-07-07T15:41:49 IST" duration-ms="216" status="PASS">
          <reporter-output>
          </reporter-output>
        </test-method> <!-- tearDown -->
      </class> <!-- chicMic.LoginPage.LoginPage -->
    </test> <!-- Default test -->
  </suite> <!-- Default suite -->
</testng-results>
